# JRE version: OpenJDK Runtime Environment (21.0.6) (build 21.0.6+-13391695-b895.109)
# Java VM: OpenJDK 64-Bit Server VM (21.0.6+-13391695-b895.109, mixed mode, tiered, compressed oops, compressed class ptrs, g1 gc, windows-amd64)
GC Precious Log:
 CardTable entry size: 512
 Card Set container configuration: InlinePtr #cards 5 size 8 Array Of Cards #cards 12 size 40 Howl #buckets 4 coarsen threshold 1843 Howl Bitmap #cards 512 size 80 coarsen threshold 460 Card regions per heap region 1 cards per card region 2048
 CPUs: 4 total, 4 available
 Memory: 8064M
 Large Page Support: Disabled
 NUMA Support: Disabled
 Compressed Oops: Enabled (32-bit)
 Heap Region Size: 1M
 Heap Min Capacity: 8M
 Heap Initial Capacity: 128M
 Heap Max Capacity: 2G
 Pre-touch: Disabled
 Parallel Workers: 4
 Concurrent Workers: 1
 Concurrent Refinement Workers: 4
 Periodic GC: Disabled
Heap:
 garbage-first heap   total 186368K, used 121090K [0x0000000080000000, 0x0000000100000000)
  region size 1024K, 10 young (10240K), 7 survivors (7168K)
 Metaspace       used 96033K, committed 98048K, reserved 1179648K
  class space    used 13286K, committed 14272K, reserved 1048576K
GC Heap History (20 events):
Event: 21.075 GC heap before
{Heap before GC invocations=30 (full 0):
 garbage-first heap   total 133120K, used 118150K [0x0000000080000000, 0x0000000100000000)
  region size 1024K, 40 young (40960K), 2 survivors (2048K)
 Metaspace       used 60387K, committed 61888K, reserved 1114112K
  class space    used 8289K, committed 9024K, reserved 1048576K
}
Event: 21.083 GC heap after
{Heap after GC invocations=31 (full 0):
 garbage-first heap   total 133120K, used 80611K [0x0000000080000000, 0x0000000100000000)
  region size 1024K, 4 young (4096K), 4 survivors (4096K)
 Metaspace       used 60387K, committed 61888K, reserved 1114112K
  class space    used 8289K, committed 9024K, reserved 1048576K
}
Event: 22.991 GC heap before
{Heap before GC invocations=31 (full 0):
 garbage-first heap   total 133120K, used 126691K [0x0000000080000000, 0x0000000100000000)
  region size 1024K, 43 young (44032K), 4 survivors (4096K)
 Metaspace       used 63730K, committed 65280K, reserved 1114112K
  class space    used 8664K, committed 9472K, reserved 1048576K
}
Event: 23.008 GC heap after
{Heap after GC invocations=32 (full 0):
 garbage-first heap   total 183296K, used 91947K [0x0000000080000000, 0x0000000100000000)
  region size 1024K, 6 young (6144K), 6 survivors (6144K)
 Metaspace       used 63730K, committed 65280K, reserved 1114112K
  class space    used 8664K, committed 9472K, reserved 1048576K
}
Event: 23.814 GC heap before
{Heap before GC invocations=32 (full 0):
 garbage-first heap   total 183296K, used 162603K [0x0000000080000000, 0x0000000100000000)
  region size 1024K, 75 young (76800K), 6 survivors (6144K)
 Metaspace       used 64415K, committed 66048K, reserved 1114112K
  class space    used 8729K, committed 9536K, reserved 1048576K
}
Event: 23.825 GC heap after
{Heap after GC invocations=33 (full 0):
 garbage-first heap   total 183296K, used 93035K [0x0000000080000000, 0x0000000100000000)
  region size 1024K, 6 young (6144K), 6 survivors (6144K)
 Metaspace       used 64415K, committed 66048K, reserved 1114112K
  class space    used 8729K, committed 9536K, reserved 1048576K
}
Event: 23.982 GC heap before
{Heap before GC invocations=33 (full 0):
 garbage-first heap   total 183296K, used 94059K [0x0000000080000000, 0x0000000100000000)
  region size 1024K, 8 young (8192K), 6 survivors (6144K)
 Metaspace       used 64471K, committed 66048K, reserved 1114112K
  class space    used 8741K, committed 9536K, reserved 1048576K
}
Event: 23.991 GC heap after
{Heap after GC invocations=34 (full 0):
 garbage-first heap   total 183296K, used 93486K [0x0000000080000000, 0x0000000100000000)
  region size 1024K, 2 young (2048K), 2 survivors (2048K)
 Metaspace       used 64471K, committed 66048K, reserved 1114112K
  class space    used 8741K, committed 9536K, reserved 1048576K
}
Event: 25.860 GC heap before
{Heap before GC invocations=35 (full 0):
 garbage-first heap   total 183296K, used 170286K [0x0000000080000000, 0x0000000100000000)
  region size 1024K, 69 young (70656K), 2 survivors (2048K)
 Metaspace       used 70601K, committed 72384K, reserved 1114112K
  class space    used 9470K, committed 10368K, reserved 1048576K
}
Event: 25.868 GC heap after
{Heap after GC invocations=36 (full 0):
 garbage-first heap   total 183296K, used 102630K [0x0000000080000000, 0x0000000100000000)
  region size 1024K, 4 young (4096K), 4 survivors (4096K)
 Metaspace       used 70601K, committed 72384K, reserved 1114112K
  class space    used 9470K, committed 10368K, reserved 1048576K
}
Event: 27.970 GC heap before
{Heap before GC invocations=36 (full 0):
 garbage-first heap   total 183296K, used 166118K [0x0000000080000000, 0x0000000100000000)
  region size 1024K, 66 young (67584K), 4 survivors (4096K)
 Metaspace       used 78088K, committed 79872K, reserved 1179648K
  class space    used 10639K, committed 11520K, reserved 1048576K
}
Event: 27.983 GC heap after
{Heap after GC invocations=37 (full 0):
 garbage-first heap   total 183296K, used 105247K [0x0000000080000000, 0x0000000100000000)
  region size 1024K, 7 young (7168K), 7 survivors (7168K)
 Metaspace       used 78088K, committed 79872K, reserved 1179648K
  class space    used 10639K, committed 11520K, reserved 1048576K
}
Event: 31.368 GC heap before
{Heap before GC invocations=37 (full 0):
 garbage-first heap   total 183296K, used 164639K [0x0000000080000000, 0x0000000100000000)
  region size 1024K, 66 young (67584K), 7 survivors (7168K)
 Metaspace       used 86760K, committed 88640K, reserved 1179648K
  class space    used 11746K, committed 12672K, reserved 1048576K
}
Event: 31.389 GC heap after
{Heap after GC invocations=38 (full 0):
 garbage-first heap   total 183296K, used 111388K [0x0000000080000000, 0x0000000100000000)
  region size 1024K, 9 young (9216K), 9 survivors (9216K)
 Metaspace       used 86760K, committed 88640K, reserved 1179648K
  class space    used 11746K, committed 12672K, reserved 1048576K
}
Event: 33.455 GC heap before
{Heap before GC invocations=39 (full 0):
 garbage-first heap   total 186368K, used 162588K [0x0000000080000000, 0x0000000100000000)
  region size 1024K, 60 young (61440K), 9 survivors (9216K)
 Metaspace       used 87096K, committed 88960K, reserved 1179648K
  class space    used 11746K, committed 12672K, reserved 1048576K
}
Event: 33.489 GC heap after
{Heap after GC invocations=40 (full 0):
 garbage-first heap   total 186368K, used 114953K [0x0000000080000000, 0x0000000100000000)
  region size 1024K, 4 young (4096K), 4 survivors (4096K)
 Metaspace       used 87096K, committed 88960K, reserved 1179648K
  class space    used 11746K, committed 12672K, reserved 1048576K
}
Event: 35.300 GC heap before
{Heap before GC invocations=40 (full 0):
 garbage-first heap   total 186368K, used 170249K [0x0000000080000000, 0x0000000100000000)
  region size 1024K, 59 young (60416K), 4 survivors (4096K)
 Metaspace       used 87214K, committed 89088K, reserved 1179648K
  class space    used 11764K, committed 12672K, reserved 1048576K
}
Event: 35.311 GC heap after
{Heap after GC invocations=41 (full 0):
 garbage-first heap   total 186368K, used 116736K [0x0000000080000000, 0x0000000100000000)
  region size 1024K, 6 young (6144K), 6 survivors (6144K)
 Metaspace       used 87214K, committed 89088K, reserved 1179648K
  class space    used 11764K, committed 12672K, reserved 1048576K
}
Event: 41.876 GC heap before
{Heap before GC invocations=41 (full 0):
 garbage-first heap   total 186368K, used 169984K [0x0000000080000000, 0x0000000100000000)
  region size 1024K, 58 young (59392K), 6 survivors (6144K)
 Metaspace       used 95635K, committed 97600K, reserved 1179648K
  class space    used 13254K, committed 14208K, reserved 1048576K
}
Event: 41.889 GC heap after
{Heap after GC invocations=42 (full 0):
 garbage-first heap   total 186368K, used 119042K [0x0000000080000000, 0x0000000100000000)
  region size 1024K, 7 young (7168K), 7 survivors (7168K)
 Metaspace       used 95635K, committed 97600K, reserved 1179648K
  class space    used 13254K, committed 14208K, reserved 1048576K
}

