# JRE version: OpenJDK Runtime Environment (21.0.6) (build 21.0.6+-13391695-b895.109)
# Java VM: OpenJDK 64-Bit Server VM (21.0.6+-13391695-b895.109, mixed mode, tiered, compressed oops, compressed class ptrs, g1 gc, windows-amd64)
GC Precious Log:
 CardTable entry size: 512
 Card Set container configuration: InlinePtr #cards 5 size 8 Array Of Cards #cards 12 size 40 Howl #buckets 4 coarsen threshold 1843 Howl Bitmap #cards 512 size 80 coarsen threshold 460 Card regions per heap region 1 cards per card region 2048
 CPUs: 4 total, 4 available
 Memory: 8064M
 Large Page Support: Disabled
 NUMA Support: Disabled
 Compressed Oops: Enabled (32-bit)
 Heap Region Size: 1M
 Heap Min Capacity: 8M
 Heap Initial Capacity: 128M
 Heap Max Capacity: 2G
 Pre-touch: Disabled
 Parallel Workers: 4
 Concurrent Workers: 1
 Concurrent Refinement Workers: 4
 Periodic GC: Disabled
Heap:
 garbage-first heap   total 283648K, used 173338K [0x0000000080000000, 0x0000000100000000)
  region size 1024K, 13 young (13312K), 7 survivors (7168K)
 Metaspace       used 130321K, committed 132672K, reserved 1179648K
  class space    used 17218K, committed 18432K, reserved 1048576K
GC Heap History (20 events):
Event: 213.573 GC heap before
{Heap before GC invocations=43 (full 0):
 garbage-first heap   total 209920K, used 188846K [0x0000000080000000, 0x0000000100000000)
  region size 1024K, 64 young (65536K), 8 survivors (8192K)
 Metaspace       used 97266K, committed 99264K, reserved 1179648K
  class space    used 12952K, committed 13952K, reserved 1048576K
}
Event: 213.588 GC heap after
{Heap after GC invocations=44 (full 0):
 garbage-first heap   total 209920K, used 135482K [0x0000000080000000, 0x0000000100000000)
  region size 1024K, 3 young (3072K), 3 survivors (3072K)
 Metaspace       used 97266K, committed 99264K, reserved 1179648K
  class space    used 12952K, committed 13952K, reserved 1048576K
}
Event: 222.301 GC heap before
{Heap before GC invocations=45 (full 0):
 garbage-first heap   total 227328K, used 194874K [0x0000000080000000, 0x0000000100000000)
  region size 1024K, 60 young (61440K), 3 survivors (3072K)
 Metaspace       used 100869K, committed 103104K, reserved 1179648K
  class space    used 13439K, committed 14528K, reserved 1048576K
}
Event: 222.314 GC heap after
{Heap after GC invocations=46 (full 0):
 garbage-first heap   total 227328K, used 140253K [0x0000000080000000, 0x0000000100000000)
  region size 1024K, 8 young (8192K), 8 survivors (8192K)
 Metaspace       used 100869K, committed 103104K, reserved 1179648K
  class space    used 13439K, committed 14528K, reserved 1048576K
}
Event: 236.957 GC heap before
{Heap before GC invocations=46 (full 0):
 garbage-first heap   total 227328K, used 205789K [0x0000000080000000, 0x0000000100000000)
  region size 1024K, 72 young (73728K), 8 survivors (8192K)
 Metaspace       used 105888K, committed 108096K, reserved 1179648K
  class space    used 14277K, committed 15360K, reserved 1048576K
}
Event: 236.976 GC heap after
{Heap after GC invocations=47 (full 0):
 garbage-first heap   total 227328K, used 140483K [0x0000000080000000, 0x0000000100000000)
  region size 1024K, 7 young (7168K), 7 survivors (7168K)
 Metaspace       used 105888K, committed 108096K, reserved 1179648K
  class space    used 14277K, committed 15360K, reserved 1048576K
}
Event: 239.703 GC heap before
{Heap before GC invocations=47 (full 0):
 garbage-first heap   total 227328K, used 172227K [0x0000000080000000, 0x0000000100000000)
  region size 1024K, 40 young (40960K), 7 survivors (7168K)
 Metaspace       used 108164K, committed 110400K, reserved 1179648K
  class space    used 14507K, committed 15616K, reserved 1048576K
}
Event: 239.720 GC heap after
{Heap after GC invocations=48 (full 0):
 garbage-first heap   total 227328K, used 145703K [0x0000000080000000, 0x0000000100000000)
  region size 1024K, 8 young (8192K), 8 survivors (8192K)
 Metaspace       used 108164K, committed 110400K, reserved 1179648K
  class space    used 14507K, committed 15616K, reserved 1048576K
}
Event: 249.841 GC heap before
{Heap before GC invocations=49 (full 0):
 garbage-first heap   total 252928K, used 211239K [0x0000000080000000, 0x0000000100000000)
  region size 1024K, 66 young (67584K), 8 survivors (8192K)
 Metaspace       used 114177K, committed 116480K, reserved 1179648K
  class space    used 15235K, committed 16384K, reserved 1048576K
}
Event: 249.863 GC heap after
{Heap after GC invocations=50 (full 0):
 garbage-first heap   total 252928K, used 152104K [0x0000000080000000, 0x0000000100000000)
  region size 1024K, 9 young (9216K), 9 survivors (9216K)
 Metaspace       used 114177K, committed 116480K, reserved 1179648K
  class space    used 15235K, committed 16384K, reserved 1048576K
}
Event: 256.871 GC heap before
{Heap before GC invocations=50 (full 0):
 garbage-first heap   total 252928K, used 229928K [0x0000000080000000, 0x0000000100000000)
  region size 1024K, 85 young (87040K), 9 survivors (9216K)
 Metaspace       used 114180K, committed 116480K, reserved 1179648K
  class space    used 15235K, committed 16384K, reserved 1048576K
}
Event: 256.894 GC heap after
{Heap after GC invocations=51 (full 0):
 garbage-first heap   total 252928K, used 154388K [0x0000000080000000, 0x0000000100000000)
  region size 1024K, 9 young (9216K), 9 survivors (9216K)
 Metaspace       used 114180K, committed 116480K, reserved 1179648K
  class space    used 15235K, committed 16384K, reserved 1048576K
}
Event: 265.415 GC heap before
{Heap before GC invocations=51 (full 0):
 garbage-first heap   total 252928K, used 230164K [0x0000000080000000, 0x0000000100000000)
  region size 1024K, 83 young (84992K), 9 survivors (9216K)
 Metaspace       used 114188K, committed 116480K, reserved 1179648K
  class space    used 15235K, committed 16384K, reserved 1048576K
}
Event: 265.446 GC heap after
{Heap after GC invocations=52 (full 0):
 garbage-first heap   total 252928K, used 157696K [0x0000000080000000, 0x0000000100000000)
  region size 1024K, 9 young (9216K), 9 survivors (9216K)
 Metaspace       used 114188K, committed 116480K, reserved 1179648K
  class space    used 15235K, committed 16384K, reserved 1048576K
}
Event: 269.345 GC heap before
{Heap before GC invocations=53 (full 0):
 garbage-first heap   total 263168K, used 230400K [0x0000000080000000, 0x0000000100000000)
  region size 1024K, 79 young (80896K), 9 survivors (9216K)
 Metaspace       used 120188K, committed 122560K, reserved 1179648K
  class space    used 16015K, committed 17216K, reserved 1048576K
}
Event: 269.363 GC heap after
{Heap after GC invocations=54 (full 0):
 garbage-first heap   total 263168K, used 161218K [0x0000000080000000, 0x0000000100000000)
  region size 1024K, 5 young (5120K), 5 survivors (5120K)
 Metaspace       used 120188K, committed 122560K, reserved 1179648K
  class space    used 16015K, committed 17216K, reserved 1048576K
}
Event: 273.218 GC heap before
{Heap before GC invocations=54 (full 0):
 garbage-first heap   total 263168K, used 242114K [0x0000000080000000, 0x0000000100000000)
  region size 1024K, 84 young (86016K), 5 survivors (5120K)
 Metaspace       used 126861K, committed 129216K, reserved 1179648K
  class space    used 16804K, committed 17984K, reserved 1048576K
}
Event: 273.240 GC heap after
{Heap after GC invocations=55 (full 0):
 garbage-first heap   total 263168K, used 165638K [0x0000000080000000, 0x0000000100000000)
  region size 1024K, 11 young (11264K), 11 survivors (11264K)
 Metaspace       used 126861K, committed 129216K, reserved 1179648K
  class space    used 16804K, committed 17984K, reserved 1048576K
}
Event: 277.951 GC heap before
{Heap before GC invocations=55 (full 0):
 garbage-first heap   total 263168K, used 236294K [0x0000000080000000, 0x0000000100000000)
  region size 1024K, 81 young (82944K), 11 survivors (11264K)
 Metaspace       used 128981K, committed 131328K, reserved 1179648K
  class space    used 17046K, committed 18240K, reserved 1048576K
}
Event: 277.975 GC heap after
{Heap after GC invocations=56 (full 0):
 garbage-first heap   total 263168K, used 169242K [0x0000000080000000, 0x0000000100000000)
  region size 1024K, 7 young (7168K), 7 survivors (7168K)
 Metaspace       used 128981K, committed 131328K, reserved 1179648K
  class space    used 17046K, committed 18240K, reserved 1048576K
}

