# JRE version: OpenJDK Runtime Environment (21.0.6) (build 21.0.6+-13391695-b895.109)
# Java VM: OpenJDK 64-Bit Server VM (21.0.6+-13391695-b895.109, mixed mode, tiered, compressed oops, compressed class ptrs, g1 gc, windows-amd64)
GC Precious Log:
 CardTable entry size: 512
 Card Set container configuration: InlinePtr #cards 5 size 8 Array Of Cards #cards 12 size 40 Howl #buckets 4 coarsen threshold 1843 Howl Bitmap #cards 512 size 80 coarsen threshold 460 Card regions per heap region 1 cards per card region 2048
 CPUs: 4 total, 4 available
 Memory: 8064M
 Large Page Support: Disabled
 NUMA Support: Disabled
 Compressed Oops: Enabled (32-bit)
 Heap Region Size: 1M
 Heap Min Capacity: 8M
 Heap Initial Capacity: 128M
 Heap Max Capacity: 2G
 Pre-touch: Disabled
 Parallel Workers: 4
 Concurrent Workers: 1
 Concurrent Refinement Workers: 4
 Periodic GC: Disabled
Heap:
 garbage-first heap   total 220160K, used 157066K [0x0000000080000000, 0x0000000100000000)
  region size 1024K, 10 young (10240K), 3 survivors (3072K)
 Metaspace       used 103371K, committed 105728K, reserved 1179648K
  class space    used 13918K, committed 15104K, reserved 1048576K
GC Heap History (20 events):
Event: 12.450 GC heap before
{Heap before GC invocations=28 (full 0):
 garbage-first heap   total 154624K, used 141052K [0x0000000080000000, 0x0000000100000000)
  region size 1024K, 47 young (48128K), 2 survivors (2048K)
 Metaspace       used 70272K, committed 72128K, reserved 1114112K
  class space    used 9564K, committed 10496K, reserved 1048576K
}
Event: 12.459 GC heap after
{Heap after GC invocations=29 (full 0):
 garbage-first heap   total 154624K, used 97392K [0x0000000080000000, 0x0000000100000000)
  region size 1024K, 5 young (5120K), 5 survivors (5120K)
 Metaspace       used 70272K, committed 72128K, reserved 1114112K
  class space    used 9564K, committed 10496K, reserved 1048576K
}
Event: 13.692 GC heap before
{Heap before GC invocations=30 (full 0):
 garbage-first heap   total 163840K, used 139376K [0x0000000080000000, 0x0000000100000000)
  region size 1024K, 47 young (48128K), 5 survivors (5120K)
 Metaspace       used 73534K, committed 75456K, reserved 1114112K
  class space    used 10039K, committed 11008K, reserved 1048576K
}
Event: 13.710 GC heap after
{Heap after GC invocations=31 (full 0):
 garbage-first heap   total 163840K, used 101513K [0x0000000080000000, 0x0000000100000000)
  region size 1024K, 6 young (6144K), 6 survivors (6144K)
 Metaspace       used 73534K, committed 75456K, reserved 1114112K
  class space    used 10039K, committed 11008K, reserved 1048576K
}
Event: 14.507 GC heap before
{Heap before GC invocations=31 (full 0):
 garbage-first heap   total 163840K, used 147593K [0x0000000080000000, 0x0000000100000000)
  region size 1024K, 52 young (53248K), 6 survivors (6144K)
 Metaspace       used 73940K, committed 75840K, reserved 1114112K
  class space    used 10039K, committed 11008K, reserved 1048576K
}
Event: 14.523 GC heap after
{Heap after GC invocations=32 (full 0):
 garbage-first heap   total 163840K, used 105022K [0x0000000080000000, 0x0000000100000000)
  region size 1024K, 4 young (4096K), 4 survivors (4096K)
 Metaspace       used 73940K, committed 75840K, reserved 1114112K
  class space    used 10039K, committed 11008K, reserved 1048576K
}
Event: 15.008 GC heap before
{Heap before GC invocations=32 (full 0):
 garbage-first heap   total 163840K, used 150078K [0x0000000080000000, 0x0000000100000000)
  region size 1024K, 49 young (50176K), 4 survivors (4096K)
 Metaspace       used 73978K, committed 75904K, reserved 1114112K
  class space    used 10040K, committed 11008K, reserved 1048576K
}
Event: 15.017 GC heap after
{Heap after GC invocations=33 (full 0):
 garbage-first heap   total 196608K, used 106565K [0x0000000080000000, 0x0000000100000000)
  region size 1024K, 4 young (4096K), 4 survivors (4096K)
 Metaspace       used 73978K, committed 75904K, reserved 1114112K
  class space    used 10040K, committed 11008K, reserved 1048576K
}
Event: 16.156 GC heap before
{Heap before GC invocations=34 (full 0):
 garbage-first heap   total 196608K, used 176197K [0x0000000080000000, 0x0000000100000000)
  region size 1024K, 73 young (74752K), 4 survivors (4096K)
 Metaspace       used 83218K, committed 85184K, reserved 1179648K
  class space    used 11648K, committed 12608K, reserved 1048576K
}
Event: 16.167 GC heap after
{Heap after GC invocations=35 (full 0):
 garbage-first heap   total 196608K, used 108870K [0x0000000080000000, 0x0000000100000000)
  region size 1024K, 6 young (6144K), 6 survivors (6144K)
 Metaspace       used 83218K, committed 85184K, reserved 1179648K
  class space    used 11648K, committed 12608K, reserved 1048576K
}
Event: 18.062 GC heap before
{Heap before GC invocations=35 (full 0):
 garbage-first heap   total 196608K, used 185670K [0x0000000080000000, 0x0000000100000000)
  region size 1024K, 74 young (75776K), 6 survivors (6144K)
 Metaspace       used 90871K, committed 92800K, reserved 1179648K
  class space    used 12548K, committed 13504K, reserved 1048576K
}
Event: 18.084 GC heap after
{Heap after GC invocations=36 (full 0):
 garbage-first heap   total 199680K, used 121574K [0x0000000080000000, 0x0000000100000000)
  region size 1024K, 10 young (10240K), 10 survivors (10240K)
 Metaspace       used 90871K, committed 92800K, reserved 1179648K
  class space    used 12548K, committed 13504K, reserved 1048576K
}
Event: 18.242 GC heap before
{Heap before GC invocations=36 (full 0):
 garbage-first heap   total 199680K, used 134886K [0x0000000080000000, 0x0000000100000000)
  region size 1024K, 24 young (24576K), 10 survivors (10240K)
 Metaspace       used 90980K, committed 92928K, reserved 1179648K
  class space    used 12552K, committed 13504K, reserved 1048576K
}
Event: 18.275 GC heap after
{Heap after GC invocations=37 (full 0):
 garbage-first heap   total 199680K, used 129375K [0x0000000080000000, 0x0000000100000000)
  region size 1024K, 8 young (8192K), 8 survivors (8192K)
 Metaspace       used 90980K, committed 92928K, reserved 1179648K
  class space    used 12552K, committed 13504K, reserved 1048576K
}
Event: 21.189 GC heap before
{Heap before GC invocations=38 (full 0):
 garbage-first heap   total 220160K, used 181599K [0x0000000080000000, 0x0000000100000000)
  region size 1024K, 54 young (55296K), 8 survivors (8192K)
 Metaspace       used 91002K, committed 92992K, reserved 1179648K
  class space    used 12554K, committed 13504K, reserved 1048576K
}
Event: 21.225 GC heap after
{Heap after GC invocations=39 (full 0):
 garbage-first heap   total 220160K, used 134144K [0x0000000080000000, 0x0000000100000000)
  region size 1024K, 7 young (7168K), 7 survivors (7168K)
 Metaspace       used 91002K, committed 92992K, reserved 1179648K
  class space    used 12554K, committed 13504K, reserved 1048576K
}
Event: 23.765 GC heap before
{Heap before GC invocations=39 (full 0):
 garbage-first heap   total 220160K, used 198656K [0x0000000080000000, 0x0000000100000000)
  region size 1024K, 60 young (61440K), 7 survivors (7168K)
 Metaspace       used 96833K, committed 98816K, reserved 1179648K
  class space    used 13227K, committed 14208K, reserved 1048576K
}
Event: 23.784 GC heap after
{Heap after GC invocations=40 (full 0):
 garbage-first heap   total 220160K, used 149178K [0x0000000080000000, 0x0000000100000000)
  region size 1024K, 5 young (5120K), 5 survivors (5120K)
 Metaspace       used 96833K, committed 98816K, reserved 1179648K
  class space    used 13227K, committed 14208K, reserved 1048576K
}
Event: 24.848 GC heap before
{Heap before GC invocations=40 (full 0):
 garbage-first heap   total 220160K, used 196282K [0x0000000080000000, 0x0000000100000000)
  region size 1024K, 51 young (52224K), 5 survivors (5120K)
 Metaspace       used 102566K, committed 104832K, reserved 1179648K
  class space    used 13795K, committed 14912K, reserved 1048576K
}
Event: 24.861 GC heap after
{Heap after GC invocations=41 (full 0):
 garbage-first heap   total 220160K, used 151946K [0x0000000080000000, 0x0000000100000000)
  region size 1024K, 3 young (3072K), 3 survivors (3072K)
 Metaspace       used 102566K, committed 104832K, reserved 1179648K
  class space    used 13795K, committed 14912K, reserved 1048576K
}

